<?xml version="1.0" encoding="UTF-8"?>
<!-- Generated by org.testng.reporters.JUnitReportReporter -->
<testsuite hostname="DavidBala" name="scripts.TripAdvisorTest" tests="1" failures="0" timestamp="1 Feb 2020 19:10:01 GMT" time="67.337" errors="0">
  <testcase name="tripAdvisorPageTest" time="67.337" classname="scripts.TripAdvisorTest"/>
</testsuite> <!-- scripts.TripAdvisorTest -->
