<?xml version="1.0" encoding="UTF-8"?>
<!-- Generated by org.testng.reporters.JUnitReportReporter -->
<testsuite hostname="DavidBala" name="scripts.TripAdvisorTest" tests="1" failures="0" timestamp="1 Feb 2020 19:45:37 GMT" time="71.265" errors="0">
  <testcase name="tripAdvisorPageTest" time="71.265" classname="scripts.TripAdvisorTest"/>
</testsuite> <!-- scripts.TripAdvisorTest -->
